\BOOKMARK [1][-]{section*.2}{Abstract}{}% 1
\BOOKMARK [1][-]{section.1}{1 Introduction}{}% 2
\BOOKMARK [1][-]{section.2}{2 Preliminaries}{}% 3
\BOOKMARK [2][-]{subsection.2.1}{2.1 Language}{section.2}% 4
\BOOKMARK [2][-]{subsection.2.2}{2.2 Rule Coverage}{section.2}% 5
\BOOKMARK [1][-]{section.3}{3 Robust Rule Discovery}{}% 6
\BOOKMARK [2][-]{subsection.3.1}{3.1 Weight Function}{section.3}% 7
\BOOKMARK [2][-]{subsection.3.2}{3.2 Problem Definition}{section.3}% 8
\BOOKMARK [1][-]{section.4}{4 \040Rule and Example Generation}{}% 9
\BOOKMARK [2][-]{subsection.4.1}{4.1 Rule Generation}{section.4}% 10
\BOOKMARK [2][-]{subsection.4.2}{4.2 Input Example Generation}{section.4}% 11
\BOOKMARK [1][-]{section.5}{5 Discovery Algorithm}{}% 12
\BOOKMARK [2][-]{subsection.5.1}{5.1 Marginal Weight}{section.5}% 13
\BOOKMARK [2][-]{subsection.5.2}{5.2 A* Graph Traversal}{section.5}% 14
\BOOKMARK [1][-]{section.6}{6 Experiments}{}% 15
\BOOKMARK [2][-]{subsection.6.1}{6.1 Quality of Rule Discovery in RuDiK}{section.6}% 16
\BOOKMARK [2][-]{subsection.6.2}{6.2 Comparative Evaluation}{section.6}% 17
\BOOKMARK [2][-]{subsection.6.3}{6.3 Internal Evaluation}{section.6}% 18
\BOOKMARK [1][-]{section.7}{7 Related Work}{}% 19
\BOOKMARK [1][-]{section.8}{8 Conclusion}{}% 20
\BOOKMARK [1][-]{section*.16}{References}{}% 21
